<?xml version="1.0" encoding="UTF-8"?>
<!-- Generated by org.testng.reporters.JUnitXMLReporter -->
<testsuite ignored="0" hostname="L-INE-20M4PL3" failures="1" tests="2" name="Test" time="12.049" errors="0" timestamp="2023-09-06T15:08:21 IST">
  <testcase classname="JenkinsDemo.JenkinsDemo.ListnersNewTest" name="f" time="2.841">
    <failure type="junit.framework.ComparisonFailure" message="expected:&amp;lt;... - Google ...&amp;gt; but was:&amp;lt;...-...&amp;gt;">
      <![CDATA[junit.framework.ComparisonFailure: expected:<... - Google ...> but was:<...-...>
at junit.framework.Assert.assertEquals(Assert.java:81)
at junit.framework.Assert.assertEquals(Assert.java:87)
at JenkinsDemo.JenkinsDemo.ListnersNewTest.f(ListnersNewTest.java:22)
at java.base/java.util.ArrayList.forEach(ArrayList.java:1511)
... Removed 27 stack frames]]>
    </failure>
  </testcase> <!-- f -->
  <testcase classname="JenkinsDemo.JenkinsDemo.ListnersNewTest" name="f1" time="0.072"/>
</testsuite> <!-- Test -->
