<?xml version="1.0" encoding="UTF-8"?>
<testng-results ignored="0" total="2" passed="2" failed="0" skipped="0">
  <reporter-output>
  </reporter-output>
  <suite started-at="2023-09-07T13:10:52 IST" name="Default suite" finished-at="2023-09-07T13:11:02 IST" duration-ms="10620">
    <groups>
    </groups>
    <test started-at="2023-09-07T13:10:52 IST" name="Default test" finished-at="2023-09-07T13:11:02 IST" duration-ms="10620">
      <class name="JenkinsDemo.JenkinsDemo.Orangehrmlive">
        <test-method signature="TC_01()[pri:0, instance:JenkinsDemo.JenkinsDemo.Orangehrmlive@1c7696c6]" started-at="2023-09-07T13:10:52 IST" name="TC_01" finished-at="2023-09-07T13:10:59 IST" duration-ms="7043" status="PASS">
          <reporter-output>
          </reporter-output>
        </test-method> <!-- TC_01 -->
        <test-method signature="TC_02()[pri:0, instance:JenkinsDemo.JenkinsDemo.Orangehrmlive@1c7696c6]" started-at="2023-09-07T13:10:59 IST" name="TC_02" finished-at="2023-09-07T13:11:02 IST" depends-on-methods="JenkinsDemo.JenkinsDemo.Orangehrmlive.TC_01" duration-ms="3520" status="PASS">
          <reporter-output>
          </reporter-output>
        </test-method> <!-- TC_02 -->
      </class> <!-- JenkinsDemo.JenkinsDemo.Orangehrmlive -->
    </test> <!-- Default test -->
  </suite> <!-- Default suite -->
</testng-results>
