<?xml version="1.0" encoding="UTF-8"?>
<testng-results ignored="0" total="1" passed="1" failed="0" skipped="0">
  <reporter-output>
  </reporter-output>
  <suite started-at="2023-09-05T16:49:42 IST" name="Suite" finished-at="2023-09-05T16:49:50 IST" duration-ms="7914">
    <groups>
    </groups>
    <test started-at="2023-09-05T16:49:42 IST" name="Test" finished-at="2023-09-05T16:49:50 IST" duration-ms="7914">
      <class name="JenkinsDemo.JenkinsDemo.Jenkins1">
        <test-method signature="f()[pri:0, instance:JenkinsDemo.JenkinsDemo.Jenkins1@771a660]" started-at="2023-09-05T16:49:42 IST" name="f" finished-at="2023-09-05T16:49:50 IST" duration-ms="7857" status="PASS">
          <reporter-output>
          </reporter-output>
        </test-method> <!-- f -->
      </class> <!-- JenkinsDemo.JenkinsDemo.Jenkins1 -->
    </test> <!-- Test -->
  </suite> <!-- Suite -->
</testng-results>
